[35m[Appium][39m Welcome to Appium v2.5.1
[35m[Appium][39m Non-default server args:
[35m[Appium][39m { basePath: [32m'/wd/hub'[39m, loglevel: [32m'info'[39m, port: [33m32738[39m }
[35m[Appium][39m Attempting to load driver uiautomator2...
[35m[Appium][39m Appium REST http interface listener started on http://0.0.0.0:32738/wd/hub
[35m[Appium][39m You can provide the following URLs in your client code to connect to this server:
[35m[Appium][39m 	http://192.168.1.129:32738/wd/hub
[35m[Appium][39m 	http://127.0.0.1:32738/wd/hub (only accessible from the same host)
[35m[Appium][39m 	http://172.29.64.1:32738/wd/hub
[35m[Appium][39m Available drivers:
[35m[Appium][39m   - uiautomator2@3.0.2 (automationName 'UiAutomator2')
[35m[Appium][39m No plugins have been installed. Use the "appium plugin" command to install the one(s) you want to use.
[38;5;0m[HTTP][0m [37m-->[39m [37mGET[39m [37m/wd/hub/status[39m
[38;5;0m[HTTP][0m [90m{}[39m
[38;5;0m[HTTP][0m [37m<-- GET /wd/hub/status [39m[32m200[39m [90m6 ms - 110[39m
[38;5;0m[HTTP][0m [90m[39m
[38;5;0m[HTTP][0m [37m-->[39m [37mGET[39m [37m/wd/hub/status[39m
[38;5;0m[HTTP][0m [90m{}[39m
[38;5;0m[HTTP][0m [37m<-- GET /wd/hub/status [39m[32m200[39m [90m2 ms - 110[39m
[38;5;0m[HTTP][0m [90m[39m
[38;5;0m[HTTP][0m [37m-->[39m [37mPOST[39m [37m/wd/hub/session[39m
[38;5;0m[HTTP][0m [90m{"desiredCapabilities":{"appium:systemPort":8248,"appium:udid":"emulator-5554","appium:autoGrantPermissions":true,"appium:newCommandTimeout":1800,"appium:platformName":"ANDROID","appium:appActivity":".Settings","appium:deviceName":"emulator-5554 (sdk_gphone64_x86_64 - Android 14)","platformName":"Android","appium:automationName":"uiautomator2","appium:platformVersion":"14","appium:appPackage":"com.android.settings"},"capabilities":{"firstMatch":[{"appium:appActivity":".Settings","appium:appPackage":"com.android.settings","appium:autoGrantPermissions":true,"appium:automationName":"uiautomator2","appium:deviceName":"emulator-5554 (sdk_gphone64_x86_64 - Android 14)","appium:newCommandTimeout":1800,"appium:platformName":"ANDROID","appium:platformVersion":"14","appium:systemPort":8248,"appium:udid":"emulator-5554","platformName":"android"}]}}[39m
[38;5;32m[BaseDriver][0m Ignoring capability 'appium:platformName=ANDROID' and using capability 'platformName=android'
[38;5;32m[BaseDriver][0m The capabilities ["platformName"] are standard capabilities and do not require "appium:" prefix
[35m[Appium][39m Attempting to find matching driver for automationName 'uiautomator2' and platformName 'android'
[35m[Appium][39m The 'uiautomator2' driver was installed and matched caps.
[35m[Appium][39m Will require it at C:\Users\m.martin.losada\.appium\node_modules\appium-uiautomator2-driver
[38;5;16m[AppiumDriver@572d][0m Appium v2.5.1 creating new AndroidUiautomator2Driver (v3.0.2) session
[38;5;16m[AppiumDriver@572d][0m Checking BaseDriver versions for Appium and AndroidUiautomator2Driver
[38;5;16m[AppiumDriver@572d][0m Appium's BaseDriver version is 9.5.2
[38;5;16m[AppiumDriver@572d][0m AndroidUiautomator2Driver's BaseDriver version is 9.5.2
[38;5;48m[AndroidUiautomator2Driver@4aaf (abb5f1e4)][0m Session created with session id: abb5f1e4-f2c3-40e5-8e9c-94d137499fa8
[38;5;64m[ADB][0m Found 1 'build-tools' folders under 'C:\Users\m.martin.losada\.katalon\tools\android_sdk' (newest first):
[38;5;64m[ADB][0m     C:\Users\m.martin.losada\.katalon\tools\android_sdk\build-tools\29.0.3
[38;5;64m[ADB][0m Using 'adb.exe' from 'C:\Users\m.martin.losada\.katalon\tools\android_sdk\platform-tools\adb.exe'
[38;5;48m[AndroidUiautomator2Driver@4aaf (abb5f1e4)][0m Retrieving device list
[38;5;48m[AndroidUiautomator2Driver@4aaf (abb5f1e4)][0m Using device: emulator-5554
[38;5;64m[ADB][0m Using 'adb.exe' from 'C:\Users\m.martin.losada\.katalon\tools\android_sdk\platform-tools\adb.exe'
[38;5;48m[AndroidUiautomator2Driver@4aaf (abb5f1e4)][0m Starting 'com.android.settings' directly on the device
[38;5;64m[ADB][0m Getting device platform version
[38;5;48m[AndroidUiautomator2Driver@4aaf (abb5f1e4)][0m Relaxing hidden api policy
[38;5;48m[AndroidUiautomator2Driver@4aaf (abb5f1e4)][0m No app sent in, not parsing package/activity
[38;5;64m[ADB][0m Using 'apksigner.jar' from 'C:\Users\m.martin.losada\.katalon\tools\android_sdk\build-tools\29.0.3\lib\apksigner.jar'
[38;5;64m[ADB][0m 'C:\Users\m.martin.losada\.appium\node_modules\appium-uiautomator2-driver\node_modules\appium-uiautomator2-server\apks\appium-uiautomator2-server-debug-androidTest.apk' is signed with the default certificate
[38;5;64m[ADB][0m 'C:\Users\m.martin.losada\.appium\node_modules\appium-uiautomator2-driver\node_modules\appium-uiautomator2-server\apks\appium-uiautomator2-server-v7.0.3.apk' is signed with the default certificate
[38;5;48m[AndroidUiautomator2Driver@4aaf (abb5f1e4)][0m Server packages are not going to be (re)installed
[38;5;64m[ADB][0m Adding packages ["io.appium.settings","io.appium.uiautomator2.server","io.appium.uiautomator2.server.test"] to Doze whitelist
[38;5;48m[AndroidUiautomator2Driver@4aaf (abb5f1e4)][0m Starting UIAutomator2 server 7.0.3
[38;5;48m[AndroidUiautomator2Driver@4aaf (abb5f1e4)][0m Using UIAutomator2 server from 'C:\Users\m.martin.losada\.appium\node_modules\appium-uiautomator2-driver\node_modules\appium-uiautomator2-server\apks\appium-uiautomator2-server-v7.0.3.apk' and test from 'C:\Users\m.martin.losada\.appium\node_modules\appium-uiautomator2-driver\node_modules\appium-uiautomator2-server\apks\appium-uiautomator2-server-debug-androidTest.apk'
[38;5;48m[AndroidUiautomator2Driver@4aaf (abb5f1e4)][0m Waiting up to 30000ms for UiAutomator2 to be online...
[38;5;48m[AndroidUiautomator2Driver@4aaf (abb5f1e4)][0m socket hang up
[38;5;48m[AndroidUiautomator2Driver@4aaf (abb5f1e4)][0m socket hang up
[38;5;48m[AndroidUiautomator2Driver@4aaf (abb5f1e4)][0m socket hang up
[38;5;48m[AndroidUiautomator2Driver@4aaf (abb5f1e4)][0m Determined the downstream protocol as 'W3C'
[38;5;48m[AndroidUiautomator2Driver@4aaf (abb5f1e4)][0m Screen already unlocked, doing nothing
[38;5;48m[AndroidUiautomator2Driver@4aaf (abb5f1e4)][0m Starting 'com.android.settings/.Settings and waiting for 'com.android.settings/.Settings'
[38;5;16m[AppiumDriver@572d][0m New AndroidUiautomator2Driver session created successfully, session abb5f1e4-f2c3-40e5-8e9c-94d137499fa8 added to master session list
[38;5;0m[HTTP][0m [37m<-- POST /wd/hub/session [39m[32m200[39m [90m20231 ms - 1123[39m
[38;5;0m[HTTP][0m [90m[39m
[38;5;0m[HTTP][0m [37m-->[39m [37mGET[39m [37m/wd/hub/session/abb5f1e4-f2c3-40e5-8e9c-94d137499fa8[39m
[38;5;0m[HTTP][0m [90m{}[39m
[38;5;0m[HTTP][0m [37m<-- GET /wd/hub/session/abb5f1e4-f2c3-40e5-8e9c-94d137499fa8 [39m[32m200[39m [90m62 ms - 333[39m
[38;5;0m[HTTP][0m [90m[39m
[38;5;0m[HTTP][0m [37m-->[39m [37mGET[39m [37m/wd/hub/session/abb5f1e4-f2c3-40e5-8e9c-94d137499fa8[39m
[38;5;0m[HTTP][0m [90m{}[39m
[38;5;0m[HTTP][0m [37m<-- GET /wd/hub/session/abb5f1e4-f2c3-40e5-8e9c-94d137499fa8 [39m[32m200[39m [90m150 ms - 333[39m
[38;5;0m[HTTP][0m [90m[39m
[38;5;0m[HTTP][0m [37m-->[39m [37mGET[39m [37m/wd/hub/status[39m
[38;5;0m[HTTP][0m [90m{}[39m
[38;5;0m[HTTP][0m [37m<-- GET /wd/hub/status [39m[32m200[39m [90m2 ms - 110[39m
[38;5;0m[HTTP][0m [90m[39m
[38;5;0m[HTTP][0m [37m-->[39m [37mPOST[39m [37m/wd/hub/session/abb5f1e4-f2c3-40e5-8e9c-94d137499fa8/timeouts[39m
[38;5;0m[HTTP][0m [90m{"implicit":60000}[39m
[38;5;0m[HTTP][0m [37m<-- POST /wd/hub/session/abb5f1e4-f2c3-40e5-8e9c-94d137499fa8/timeouts [39m[32m200[39m [90m6 ms - 14[39m
[38;5;0m[HTTP][0m [90m[39m
[38;5;0m[HTTP][0m [37m-->[39m [37mGET[39m [37m/wd/hub/session/abb5f1e4-f2c3-40e5-8e9c-94d137499fa8/appium/device/system_bars[39m
[38;5;0m[HTTP][0m [90m{}[39m
[38;5;0m[HTTP][0m [37m<-- GET /wd/hub/session/abb5f1e4-f2c3-40e5-8e9c-94d137499fa8/appium/device/system_bars [39m[32m200[39m [90m830 ms - 151[39m
[38;5;0m[HTTP][0m [90m[39m
[38;5;0m[HTTP][0m [37m-->[39m [37mPOST[39m [37m/wd/hub/session/abb5f1e4-f2c3-40e5-8e9c-94d137499fa8/appium/device/activate_app[39m
[38;5;0m[HTTP][0m [90m{"bundleId":"com.example.myapplication"}[39m
[38;5;0m[HTTP][0m [37m<-- POST /wd/hub/session/abb5f1e4-f2c3-40e5-8e9c-94d137499fa8/appium/device/activate_app [39m[32m200[39m [90m1055 ms - 14[39m
[38;5;0m[HTTP][0m [90m[39m
[38;5;0m[HTTP][0m [37m-->[39m [37mGET[39m [37m/wd/hub/session/abb5f1e4-f2c3-40e5-8e9c-94d137499fa8/source[39m
[38;5;0m[HTTP][0m [90m{}[39m
[38;5;48m[AndroidUiautomator2Driver@4aaf (abb5f1e4)][0m Driver proxy active, passing request on via HTTP proxy
[38;5;48m[AndroidUiautomator2Driver@4aaf (abb5f1e4)][0m Replacing sessionId 7b939e45-bcf4-49eb-bb5b-e122793177f9 with abb5f1e4-f2c3-40e5-8e9c-94d137499fa8
[38;5;0m[HTTP][0m [37m<-- GET /wd/hub/session/abb5f1e4-f2c3-40e5-8e9c-94d137499fa8/source [39m[32m200[39m [90m1756 ms - 16619[39m
[38;5;0m[HTTP][0m [90m[39m
[38;5;0m[HTTP][0m [37m-->[39m [37mGET[39m [37m/wd/hub/session/abb5f1e4-f2c3-40e5-8e9c-94d137499fa8/screenshot[39m
[38;5;0m[HTTP][0m [90m{}[39m
[38;5;0m[HTTP][0m [37m<-- GET /wd/hub/session/abb5f1e4-f2c3-40e5-8e9c-94d137499fa8/screenshot [39m[32m200[39m [90m654 ms - 38624[39m
[38;5;0m[HTTP][0m [90m[39m
[38;5;0m[HTTP][0m [37m-->[39m [37mGET[39m [37m/wd/hub/session/abb5f1e4-f2c3-40e5-8e9c-94d137499fa8/context[39m
[38;5;0m[HTTP][0m [90m{}[39m
[38;5;0m[HTTP][0m [37m<-- GET /wd/hub/session/abb5f1e4-f2c3-40e5-8e9c-94d137499fa8/context [39m[32m200[39m [90m3 ms - 22[39m
[38;5;0m[HTTP][0m [90m[39m
[38;5;0m[HTTP][0m [37m-->[39m [37mGET[39m [37m/wd/hub/session/abb5f1e4-f2c3-40e5-8e9c-94d137499fa8/contexts[39m
[38;5;0m[HTTP][0m [90m{}[39m
[38;5;0m[HTTP][0m [37m<-- GET /wd/hub/session/abb5f1e4-f2c3-40e5-8e9c-94d137499fa8/contexts [39m[32m200[39m [90m568 ms - 24[39m
[38;5;0m[HTTP][0m [90m[39m
[38;5;0m[HTTP][0m [37m-->[39m [37mPOST[39m [37m/wd/hub/session/abb5f1e4-f2c3-40e5-8e9c-94d137499fa8/context[39m
[38;5;0m[HTTP][0m [90m{"name":"NATIVE_APP"}[39m
[38;5;0m[HTTP][0m [37m<-- POST /wd/hub/session/abb5f1e4-f2c3-40e5-8e9c-94d137499fa8/context [39m[32m200[39m [90m3 ms - 14[39m
[38;5;0m[HTTP][0m [90m[39m
[38;5;0m[HTTP][0m [37m-->[39m [37mPOST[39m [37m/wd/hub/session/abb5f1e4-f2c3-40e5-8e9c-94d137499fa8/appium/device/press_keycode[39m
[38;5;0m[HTTP][0m [90m{"keycode":4}[39m
[38;5;0m[HTTP][0m [37m<-- POST /wd/hub/session/abb5f1e4-f2c3-40e5-8e9c-94d137499fa8/appium/device/press_keycode [39m[32m200[39m [90m1300 ms - 14[39m
[38;5;0m[HTTP][0m [90m[39m
[38;5;0m[HTTP][0m [37m-->[39m [37mPOST[39m [37m/wd/hub/session/abb5f1e4-f2c3-40e5-8e9c-94d137499fa8/context[39m
[38;5;0m[HTTP][0m [90m{"name":"NATIVE_APP"}[39m
[38;5;0m[HTTP][0m [37m<-- POST /wd/hub/session/abb5f1e4-f2c3-40e5-8e9c-94d137499fa8/context [39m[32m200[39m [90m1 ms - 14[39m
[38;5;0m[HTTP][0m [90m[39m
[38;5;0m[HTTP][0m [37m-->[39m [37mGET[39m [37m/wd/hub/session/abb5f1e4-f2c3-40e5-8e9c-94d137499fa8/source[39m
[38;5;0m[HTTP][0m [90m{}[39m
[38;5;48m[AndroidUiautomator2Driver@4aaf (abb5f1e4)][0m Driver proxy active, passing request on via HTTP proxy
[38;5;48m[AndroidUiautomator2Driver@4aaf (abb5f1e4)][0m Replacing sessionId 7b939e45-bcf4-49eb-bb5b-e122793177f9 with abb5f1e4-f2c3-40e5-8e9c-94d137499fa8
[38;5;0m[HTTP][0m [37m<-- GET /wd/hub/session/abb5f1e4-f2c3-40e5-8e9c-94d137499fa8/source [39m[32m200[39m [90m521 ms - 28231[39m
[38;5;0m[HTTP][0m [90m[39m
[38;5;0m[HTTP][0m [37m-->[39m [37mGET[39m [37m/wd/hub/session/abb5f1e4-f2c3-40e5-8e9c-94d137499fa8/screenshot[39m
[38;5;0m[HTTP][0m [90m{}[39m
[38;5;0m[HTTP][0m [37m<-- GET /wd/hub/session/abb5f1e4-f2c3-40e5-8e9c-94d137499fa8/screenshot [39m[32m200[39m [90m654 ms - 198664[39m
[38;5;0m[HTTP][0m [90m[39m
[38;5;0m[HTTP][0m [37m-->[39m [37mGET[39m [37m/wd/hub/session/abb5f1e4-f2c3-40e5-8e9c-94d137499fa8/context[39m
[38;5;0m[HTTP][0m [90m{}[39m
[38;5;0m[HTTP][0m [37m<-- GET /wd/hub/session/abb5f1e4-f2c3-40e5-8e9c-94d137499fa8/context [39m[32m200[39m [90m1 ms - 22[39m
[38;5;0m[HTTP][0m [90m[39m
[38;5;0m[HTTP][0m [37m-->[39m [37mGET[39m [37m/wd/hub/session/abb5f1e4-f2c3-40e5-8e9c-94d137499fa8/contexts[39m
[38;5;0m[HTTP][0m [90m{}[39m
[38;5;0m[HTTP][0m [37m<-- GET /wd/hub/session/abb5f1e4-f2c3-40e5-8e9c-94d137499fa8/contexts [39m[32m200[39m [90m584 ms - 24[39m
[38;5;0m[HTTP][0m [90m[39m
[38;5;0m[HTTP][0m [37m-->[39m [37mPOST[39m [37m/wd/hub/session/abb5f1e4-f2c3-40e5-8e9c-94d137499fa8/context[39m
[38;5;0m[HTTP][0m [90m{"name":"NATIVE_APP"}[39m
[38;5;0m[HTTP][0m [37m<-- POST /wd/hub/session/abb5f1e4-f2c3-40e5-8e9c-94d137499fa8/context [39m[32m200[39m [90m3 ms - 14[39m
[38;5;0m[HTTP][0m [90m[39m
[38;5;0m[HTTP][0m [37m-->[39m [37mPOST[39m [37m/wd/hub/session/abb5f1e4-f2c3-40e5-8e9c-94d137499fa8/appium/device/press_keycode[39m
[38;5;0m[HTTP][0m [90m{"keycode":4}[39m
[38;5;0m[HTTP][0m [37m<-- POST /wd/hub/session/abb5f1e4-f2c3-40e5-8e9c-94d137499fa8/appium/device/press_keycode [39m[32m200[39m [90m1146 ms - 14[39m
[38;5;0m[HTTP][0m [90m[39m
[38;5;0m[HTTP][0m [37m-->[39m [37mPOST[39m [37m/wd/hub/session/abb5f1e4-f2c3-40e5-8e9c-94d137499fa8/context[39m
[38;5;0m[HTTP][0m [90m{"name":"NATIVE_APP"}[39m
[38;5;0m[HTTP][0m [37m<-- POST /wd/hub/session/abb5f1e4-f2c3-40e5-8e9c-94d137499fa8/context [39m[32m200[39m [90m3 ms - 14[39m
[38;5;0m[HTTP][0m [90m[39m
[38;5;0m[HTTP][0m [37m-->[39m [37mGET[39m [37m/wd/hub/session/abb5f1e4-f2c3-40e5-8e9c-94d137499fa8/source[39m
[38;5;0m[HTTP][0m [90m{}[39m
[38;5;48m[AndroidUiautomator2Driver@4aaf (abb5f1e4)][0m Driver proxy active, passing request on via HTTP proxy
[38;5;48m[AndroidUiautomator2Driver@4aaf (abb5f1e4)][0m Replacing sessionId 7b939e45-bcf4-49eb-bb5b-e122793177f9 with abb5f1e4-f2c3-40e5-8e9c-94d137499fa8
[38;5;0m[HTTP][0m [37m<-- GET /wd/hub/session/abb5f1e4-f2c3-40e5-8e9c-94d137499fa8/source [39m[32m200[39m [90m393 ms - 15902[39m
[38;5;0m[HTTP][0m [90m[39m
[38;5;0m[HTTP][0m [37m-->[39m [37mGET[39m [37m/wd/hub/session/abb5f1e4-f2c3-40e5-8e9c-94d137499fa8/screenshot[39m
[38;5;0m[HTTP][0m [90m{}[39m
[38;5;0m[HTTP][0m [37m<-- GET /wd/hub/session/abb5f1e4-f2c3-40e5-8e9c-94d137499fa8/screenshot [39m[32m200[39m [90m1403 ms - 1802092[39m
[38;5;0m[HTTP][0m [90m[39m
[38;5;0m[HTTP][0m [37m-->[39m [37mPOST[39m [37m/wd/hub/session/abb5f1e4-f2c3-40e5-8e9c-94d137499fa8/elements[39m
[38;5;0m[HTTP][0m [90m{"using":"xpath","value":"//*[@class = 'android.widget.TextView' and (@text = 'Chrome' or . = 'Chrome')]"}[39m
[38;5;0m[HTTP][0m [37m<-- POST /wd/hub/session/abb5f1e4-f2c3-40e5-8e9c-94d137499fa8/elements [39m[32m200[39m [90m1254 ms - 139[39m
[38;5;0m[HTTP][0m [90m[39m
[38;5;0m[HTTP][0m [37m-->[39m [37mPOST[39m [37m/wd/hub/session/abb5f1e4-f2c3-40e5-8e9c-94d137499fa8/elements[39m
[38;5;0m[HTTP][0m [90m{"using":"xpath","value":"//*[@class = 'android.widget.TextView' and (@text = 'Chrome' or . = 'Chrome')]"}[39m
[38;5;0m[HTTP][0m [37m<-- POST /wd/hub/session/abb5f1e4-f2c3-40e5-8e9c-94d137499fa8/elements [39m[32m200[39m [90m163 ms - 139[39m
[38;5;0m[HTTP][0m [90m[39m
[38;5;0m[HTTP][0m [37m-->[39m [37mPOST[39m [37m/wd/hub/session/abb5f1e4-f2c3-40e5-8e9c-94d137499fa8/elements[39m
[38;5;0m[HTTP][0m [90m{"using":"xpath","value":"//*[@class = 'android.widget.TextView' and (@text = 'Chrome' or . = 'Chrome')]"}[39m
[38;5;0m[HTTP][0m [37m<-- POST /wd/hub/session/abb5f1e4-f2c3-40e5-8e9c-94d137499fa8/elements [39m[32m200[39m [90m156 ms - 139[39m
[38;5;0m[HTTP][0m [90m[39m
[38;5;0m[HTTP][0m [37m-->[39m [37mPOST[39m [37m/wd/hub/session/abb5f1e4-f2c3-40e5-8e9c-94d137499fa8/elements[39m
[38;5;0m[HTTP][0m [90m{"using":"xpath","value":"//*[@class = 'android.widget.TextView' and (@text = 'Chrome' or . = 'Chrome')]"}[39m
[38;5;0m[HTTP][0m [37m<-- POST /wd/hub/session/abb5f1e4-f2c3-40e5-8e9c-94d137499fa8/elements [39m[32m200[39m [90m341 ms - 139[39m
[38;5;0m[HTTP][0m [90m[39m
[38;5;0m[HTTP][0m [37m-->[39m [37mGET[39m [37m/wd/hub/session/abb5f1e4-f2c3-40e5-8e9c-94d137499fa8/source[39m
[38;5;0m[HTTP][0m [90m{}[39m
[38;5;48m[AndroidUiautomator2Driver@4aaf (abb5f1e4)][0m Driver proxy active, passing request on via HTTP proxy
[38;5;48m[AndroidUiautomator2Driver@4aaf (abb5f1e4)][0m Replacing sessionId 7b939e45-bcf4-49eb-bb5b-e122793177f9 with abb5f1e4-f2c3-40e5-8e9c-94d137499fa8
[38;5;0m[HTTP][0m [37m<-- GET /wd/hub/session/abb5f1e4-f2c3-40e5-8e9c-94d137499fa8/source [39m[32m200[39m [90m207 ms - 15902[39m
[38;5;0m[HTTP][0m [90m[39m
[38;5;0m[HTTP][0m [37m-->[39m [37mGET[39m [37m/wd/hub/session/abb5f1e4-f2c3-40e5-8e9c-94d137499fa8/screenshot[39m
[38;5;0m[HTTP][0m [90m{}[39m
[38;5;0m[HTTP][0m [37m<-- GET /wd/hub/session/abb5f1e4-f2c3-40e5-8e9c-94d137499fa8/screenshot [39m[32m200[39m [90m1163 ms - 1801380[39m
[38;5;0m[HTTP][0m [90m[39m
[38;5;0m[HTTP][0m [37m-->[39m [37mPOST[39m [37m/wd/hub/session/abb5f1e4-f2c3-40e5-8e9c-94d137499fa8/elements[39m
[38;5;0m[HTTP][0m [90m{"using":"xpath","value":"//*[@class = 'android.widget.TextView' and (@text = 'Gmail' or . = 'Gmail')]"}[39m
[38;5;0m[HTTP][0m [37m<-- POST /wd/hub/session/abb5f1e4-f2c3-40e5-8e9c-94d137499fa8/elements [39m[32m200[39m [90m189 ms - 267[39m
[38;5;0m[HTTP][0m [90m[39m
[38;5;0m[HTTP][0m [37m-->[39m [37mPOST[39m [37m/wd/hub/session/abb5f1e4-f2c3-40e5-8e9c-94d137499fa8/elements[39m
[38;5;0m[HTTP][0m [90m{"using":"accessibility id","value":"Predicted app: Gmail"}[39m
[38;5;0m[HTTP][0m [37m<-- POST /wd/hub/session/abb5f1e4-f2c3-40e5-8e9c-94d137499fa8/elements [39m[32m200[39m [90m51 ms - 139[39m
[38;5;0m[HTTP][0m [90m[39m
[38;5;0m[HTTP][0m [37m-->[39m [37mPOST[39m [37m/wd/hub/session/abb5f1e4-f2c3-40e5-8e9c-94d137499fa8/elements[39m
[38;5;0m[HTTP][0m [90m{"using":"xpath","value":"//*[@class = 'android.widget.TextView' and (@text = 'Gmail' or . = 'Gmail')]"}[39m
[38;5;0m[HTTP][0m [37m<-- POST /wd/hub/session/abb5f1e4-f2c3-40e5-8e9c-94d137499fa8/elements [39m[32m200[39m [90m326 ms - 267[39m
[38;5;0m[HTTP][0m [90m[39m
[38;5;0m[HTTP][0m [37m-->[39m [37mPOST[39m [37m/wd/hub/session/abb5f1e4-f2c3-40e5-8e9c-94d137499fa8/elements[39m
[38;5;0m[HTTP][0m [90m{"using":"accessibility id","value":"Predicted app: Gmail"}[39m
[38;5;0m[HTTP][0m [37m<-- POST /wd/hub/session/abb5f1e4-f2c3-40e5-8e9c-94d137499fa8/elements [39m[32m200[39m [90m64 ms - 139[39m
[38;5;0m[HTTP][0m [90m[39m
[38;5;0m[HTTP][0m [37m-->[39m [37mGET[39m [37m/wd/hub/session/abb5f1e4-f2c3-40e5-8e9c-94d137499fa8/source[39m
[38;5;0m[HTTP][0m [90m{}[39m
[38;5;48m[AndroidUiautomator2Driver@4aaf (abb5f1e4)][0m Driver proxy active, passing request on via HTTP proxy
[38;5;48m[AndroidUiautomator2Driver@4aaf (abb5f1e4)][0m Replacing sessionId 7b939e45-bcf4-49eb-bb5b-e122793177f9 with abb5f1e4-f2c3-40e5-8e9c-94d137499fa8
[38;5;0m[HTTP][0m [37m<-- GET /wd/hub/session/abb5f1e4-f2c3-40e5-8e9c-94d137499fa8/source [39m[32m200[39m [90m190 ms - 15902[39m
[38;5;0m[HTTP][0m [90m[39m
[38;5;0m[HTTP][0m [37m-->[39m [37mGET[39m [37m/wd/hub/session/abb5f1e4-f2c3-40e5-8e9c-94d137499fa8/screenshot[39m
[38;5;0m[HTTP][0m [90m{}[39m
[38;5;0m[HTTP][0m [37m<-- GET /wd/hub/session/abb5f1e4-f2c3-40e5-8e9c-94d137499fa8/screenshot [39m[32m200[39m [90m1153 ms - 1801380[39m
[38;5;0m[HTTP][0m [90m[39m
[38;5;0m[HTTP][0m [37m-->[39m [37mGET[39m [37m/wd/hub/session/abb5f1e4-f2c3-40e5-8e9c-94d137499fa8/window/rect[39m
[38;5;0m[HTTP][0m [90m{}[39m
[38;5;0m[HTTP][0m [37m<-- GET /wd/hub/session/abb5f1e4-f2c3-40e5-8e9c-94d137499fa8/window/rect [39m[32m200[39m [90m34 ms - 50[39m
[38;5;0m[HTTP][0m [90m[39m
[38;5;0m[HTTP][0m [37m-->[39m [37mPOST[39m [37m/wd/hub/session/abb5f1e4-f2c3-40e5-8e9c-94d137499fa8/elements[39m
[38;5;0m[HTTP][0m [90m{"using":"xpath","value":"//*[@class = 'android.widget.TextView' and (@text = 'Chrome' or . = 'Chrome')]"}[39m
[38;5;0m[HTTP][0m [37m<-- POST /wd/hub/session/abb5f1e4-f2c3-40e5-8e9c-94d137499fa8/elements [39m[32m200[39m [90m265 ms - 139[39m
[38;5;0m[HTTP][0m [90m[39m
[38;5;0m[HTTP][0m [37m-->[39m [37mGET[39m [37m/wd/hub/session/abb5f1e4-f2c3-40e5-8e9c-94d137499fa8/element/00000000-0000-00d0-ffff-ffff00000087/location[39m
[38;5;0m[HTTP][0m [90m{}[39m
[38;5;48m[AndroidUiautomator2Driver@4aaf (abb5f1e4)][0m Driver proxy active, passing request on via HTTP proxy
[38;5;48m[AndroidUiautomator2Driver@4aaf (abb5f1e4)][0m Replacing sessionId 7b939e45-bcf4-49eb-bb5b-e122793177f9 with abb5f1e4-f2c3-40e5-8e9c-94d137499fa8
[38;5;0m[HTTP][0m [37m<-- GET /wd/hub/session/abb5f1e4-f2c3-40e5-8e9c-94d137499fa8/element/00000000-0000-00d0-ffff-ffff00000087/location [39m[32m200[39m [90m31 ms - 79[39m
[38;5;0m[HTTP][0m [90m[39m
[38;5;0m[HTTP][0m [37m-->[39m [37mPOST[39m [37m/wd/hub/session/abb5f1e4-f2c3-40e5-8e9c-94d137499fa8/element/00000000-0000-00d0-ffff-ffff00000087/click[39m
[38;5;0m[HTTP][0m [90m{"id":"00000000-0000-00d0-ffff-ffff00000087"}[39m
[38;5;0m[HTTP][0m [37m<-- POST /wd/hub/session/abb5f1e4-f2c3-40e5-8e9c-94d137499fa8/element/00000000-0000-00d0-ffff-ffff00000087/click [39m[32m200[39m [90m150 ms - 14[39m
[38;5;0m[HTTP][0m [90m[39m
[38;5;0m[HTTP][0m [37m-->[39m [37mGET[39m [37m/wd/hub/session/abb5f1e4-f2c3-40e5-8e9c-94d137499fa8/source[39m
[38;5;0m[HTTP][0m [90m{}[39m
[38;5;48m[AndroidUiautomator2Driver@4aaf (abb5f1e4)][0m Driver proxy active, passing request on via HTTP proxy
[38;5;48m[AndroidUiautomator2Driver@4aaf (abb5f1e4)][0m Replacing sessionId 7b939e45-bcf4-49eb-bb5b-e122793177f9 with abb5f1e4-f2c3-40e5-8e9c-94d137499fa8
[38;5;0m[HTTP][0m [37m<-- GET /wd/hub/session/abb5f1e4-f2c3-40e5-8e9c-94d137499fa8/source [39m[32m200[39m [90m19691 ms - 42136[39m
[38;5;0m[HTTP][0m [90m[39m
[38;5;0m[HTTP][0m [37m-->[39m [37mGET[39m [37m/wd/hub/session/abb5f1e4-f2c3-40e5-8e9c-94d137499fa8/screenshot[39m
[38;5;0m[HTTP][0m [90m{}[39m
[38;5;0m[HTTP][0m [37m<-- GET /wd/hub/session/abb5f1e4-f2c3-40e5-8e9c-94d137499fa8/screenshot [39m[32m200[39m [90m2131 ms - 629668[39m
[38;5;0m[HTTP][0m [90m[39m
[38;5;0m[HTTP][0m [37m-->[39m [37mPOST[39m [37m/wd/hub/session/abb5f1e4-f2c3-40e5-8e9c-94d137499fa8/elements[39m
[38;5;0m[HTTP][0m [90m{"using":"xpath","value":"//*[@class = 'android.view.View' and (@text = '' or . = '')]"}[39m
[38;5;0m[HTTP][0m [37m<-- POST /wd/hub/session/abb5f1e4-f2c3-40e5-8e9c-94d137499fa8/elements [39m[32m200[39m [90m922 ms - 2315[39m
[38;5;0m[HTTP][0m [90m[39m
[38;5;0m[HTTP][0m [37m-->[39m [37mPOST[39m [37m/wd/hub/session/abb5f1e4-f2c3-40e5-8e9c-94d137499fa8/elements[39m
[38;5;0m[HTTP][0m [90m{"using":"-android uiautomator","value":"new UiSelector().className(\"android.view.View\")"}[39m
[38;5;0m[HTTP][0m [37m<-- POST /wd/hub/session/abb5f1e4-f2c3-40e5-8e9c-94d137499fa8/elements [39m[32m200[39m [90m1050 ms - 2315[39m
[38;5;0m[HTTP][0m [90m[39m
[38;5;0m[HTTP][0m [37m-->[39m [37mGET[39m [37m/wd/hub/session/abb5f1e4-f2c3-40e5-8e9c-94d137499fa8/window/rect[39m
[38;5;0m[HTTP][0m [90m{}[39m
[38;5;0m[HTTP][0m [37m<-- GET /wd/hub/session/abb5f1e4-f2c3-40e5-8e9c-94d137499fa8/window/rect [39m[32m200[39m [90m39 ms - 50[39m
[38;5;0m[HTTP][0m [90m[39m
[38;5;0m[HTTP][0m [37m-->[39m [37mPOST[39m [37m/wd/hub/session/abb5f1e4-f2c3-40e5-8e9c-94d137499fa8/elements[39m
[38;5;0m[HTTP][0m [90m{"using":"xpath","value":"//hierarchy/android.widget.FrameLayout[1]/android.widget.LinearLayout[1]/android.widget.FrameLayout[1]/android.widget.FrameLayout[1]/android.widget.FrameLayout[1]/android.view.ViewGroup[1]/android.widget.FrameLayout[1]/android.widget.FrameLayout[2]/android.view.ViewGroup[1]/androidx.recyclerview.widget.RecyclerView[1]/android.widget.FrameLayout[1]/android.widget.LinearLayout[1]/android.widget.FrameLayout[2]/android.widget.FrameLayout[1]/android.widget.FrameLayout[3]/android.view.View[2]"}[39m
[38;5;0m[HTTP][0m [37m<-- POST /wd/hub/session/abb5f1e4-f2c3-40e5-8e9c-94d137499fa8/elements [39m[32m200[39m [90m619 ms - 139[39m
[38;5;0m[HTTP][0m [90m[39m
[38;5;0m[HTTP][0m [37m-->[39m [37mGET[39m [37m/wd/hub/session/abb5f1e4-f2c3-40e5-8e9c-94d137499fa8/element/00000000-0000-00dc-ffff-ffff00000093/location[39m
[38;5;0m[HTTP][0m [90m{}[39m
[38;5;48m[AndroidUiautomator2Driver@4aaf (abb5f1e4)][0m Driver proxy active, passing request on via HTTP proxy
[38;5;48m[AndroidUiautomator2Driver@4aaf (abb5f1e4)][0m Replacing sessionId 7b939e45-bcf4-49eb-bb5b-e122793177f9 with abb5f1e4-f2c3-40e5-8e9c-94d137499fa8
[38;5;0m[HTTP][0m [37m<-- GET /wd/hub/session/abb5f1e4-f2c3-40e5-8e9c-94d137499fa8/element/00000000-0000-00dc-ffff-ffff00000093/location [39m[32m200[39m [90m50 ms - 78[39m
[38;5;0m[HTTP][0m [90m[39m
[38;5;0m[HTTP][0m [37m-->[39m [37mPOST[39m [37m/wd/hub/session/abb5f1e4-f2c3-40e5-8e9c-94d137499fa8/element/00000000-0000-00dc-ffff-ffff00000093/click[39m
[38;5;0m[HTTP][0m [90m{"id":"00000000-0000-00dc-ffff-ffff00000093"}[39m
[38;5;0m[HTTP][0m [37m<-- POST /wd/hub/session/abb5f1e4-f2c3-40e5-8e9c-94d137499fa8/element/00000000-0000-00dc-ffff-ffff00000093/click [39m[32m200[39m [90m170 ms - 14[39m
[38;5;0m[HTTP][0m [90m[39m
[38;5;0m[HTTP][0m [37m-->[39m [37mGET[39m [37m/wd/hub/session/abb5f1e4-f2c3-40e5-8e9c-94d137499fa8/source[39m
[38;5;0m[HTTP][0m [90m{}[39m
[38;5;48m[AndroidUiautomator2Driver@4aaf (abb5f1e4)][0m Driver proxy active, passing request on via HTTP proxy
[38;5;48m[AndroidUiautomator2Driver@4aaf (abb5f1e4)][0m Replacing sessionId 7b939e45-bcf4-49eb-bb5b-e122793177f9 with abb5f1e4-f2c3-40e5-8e9c-94d137499fa8
[38;5;0m[HTTP][0m [37m<-- GET /wd/hub/session/abb5f1e4-f2c3-40e5-8e9c-94d137499fa8/source [39m[32m200[39m [90m1928 ms - 45398[39m
[38;5;0m[HTTP][0m [90m[39m
[38;5;0m[HTTP][0m [37m-->[39m [37mGET[39m [37m/wd/hub/session/abb5f1e4-f2c3-40e5-8e9c-94d137499fa8/screenshot[39m
[38;5;0m[HTTP][0m [90m{}[39m
[38;5;0m[HTTP][0m [37m<-- GET /wd/hub/session/abb5f1e4-f2c3-40e5-8e9c-94d137499fa8/screenshot [39m[32m200[39m [90m2011 ms - 636684[39m
[38;5;0m[HTTP][0m [90m[39m
[38;5;0m[HTTP][0m [37m-->[39m [37mGET[39m [37m/wd/hub/session/abb5f1e4-f2c3-40e5-8e9c-94d137499fa8/screenshot[39m
[38;5;0m[HTTP][0m [90m{}[39m
[38;5;0m[HTTP][0m [37m<-- GET /wd/hub/session/abb5f1e4-f2c3-40e5-8e9c-94d137499fa8/screenshot [39m[32m200[39m [90m1545 ms - 48096[39m
[38;5;0m[HTTP][0m [90m[39m
[38;5;0m[HTTP][0m [37m-->[39m [37mGET[39m [37m/wd/hub/session/abb5f1e4-f2c3-40e5-8e9c-94d137499fa8/source[39m
[38;5;0m[HTTP][0m [90m{}[39m
[38;5;48m[AndroidUiautomator2Driver@4aaf (abb5f1e4)][0m Driver proxy active, passing request on via HTTP proxy
[38;5;48m[AndroidUiautomator2Driver@4aaf (abb5f1e4)][0m Replacing sessionId 7b939e45-bcf4-49eb-bb5b-e122793177f9 with abb5f1e4-f2c3-40e5-8e9c-94d137499fa8
[38;5;0m[HTTP][0m [37m<-- GET /wd/hub/session/abb5f1e4-f2c3-40e5-8e9c-94d137499fa8/source [39m[32m200[39m [90m726 ms - 12651[39m
[38;5;0m[HTTP][0m [90m[39m
[38;5;0m[HTTP][0m [37m-->[39m [37mGET[39m [37m/wd/hub/session/abb5f1e4-f2c3-40e5-8e9c-94d137499fa8/screenshot[39m
[38;5;0m[HTTP][0m [90m{}[39m
[38;5;0m[HTTP][0m [37m<-- GET /wd/hub/session/abb5f1e4-f2c3-40e5-8e9c-94d137499fa8/screenshot [39m[32m200[39m [90m1452 ms - 48096[39m
[38;5;0m[HTTP][0m [90m[39m
[38;5;0m[HTTP][0m [37m-->[39m [37mGET[39m [37m/wd/hub/session/abb5f1e4-f2c3-40e5-8e9c-94d137499fa8/context[39m
[38;5;0m[HTTP][0m [90m{}[39m
[38;5;0m[HTTP][0m [37m<-- GET /wd/hub/session/abb5f1e4-f2c3-40e5-8e9c-94d137499fa8/context [39m[32m200[39m [90m3 ms - 22[39m
[38;5;0m[HTTP][0m [90m[39m
[38;5;0m[HTTP][0m [37m-->[39m [37mGET[39m [37m/wd/hub/session/abb5f1e4-f2c3-40e5-8e9c-94d137499fa8/contexts[39m
[38;5;0m[HTTP][0m [90m{}[39m
[38;5;0m[HTTP][0m [37m<-- GET /wd/hub/session/abb5f1e4-f2c3-40e5-8e9c-94d137499fa8/contexts [39m[32m200[39m [90m2378 ms - 41[39m
[38;5;0m[HTTP][0m [90m[39m
[38;5;0m[HTTP][0m [37m-->[39m [37mPOST[39m [37m/wd/hub/session/abb5f1e4-f2c3-40e5-8e9c-94d137499fa8/context[39m
[38;5;0m[HTTP][0m [90m{"name":"NATIVE_APP"}[39m
[38;5;0m[HTTP][0m [37m<-- POST /wd/hub/session/abb5f1e4-f2c3-40e5-8e9c-94d137499fa8/context [39m[32m200[39m [90m2 ms - 14[39m
[38;5;0m[HTTP][0m [90m[39m
[38;5;0m[HTTP][0m [37m-->[39m [37mPOST[39m [37m/wd/hub/session/abb5f1e4-f2c3-40e5-8e9c-94d137499fa8/appium/device/press_keycode[39m
[38;5;0m[HTTP][0m [90m{"keycode":4}[39m
[38;5;0m[HTTP][0m [37m<-- POST /wd/hub/session/abb5f1e4-f2c3-40e5-8e9c-94d137499fa8/appium/device/press_keycode [39m[32m200[39m [90m289 ms - 14[39m
[38;5;0m[HTTP][0m [90m[39m
[38;5;0m[HTTP][0m [37m-->[39m [37mPOST[39m [37m/wd/hub/session/abb5f1e4-f2c3-40e5-8e9c-94d137499fa8/context[39m
[38;5;0m[HTTP][0m [90m{"name":"NATIVE_APP"}[39m
[38;5;0m[HTTP][0m [37m<-- POST /wd/hub/session/abb5f1e4-f2c3-40e5-8e9c-94d137499fa8/context [39m[32m200[39m [90m2 ms - 14[39m
[38;5;0m[HTTP][0m [90m[39m
[38;5;0m[HTTP][0m [37m-->[39m [37mGET[39m [37m/wd/hub/session/abb5f1e4-f2c3-40e5-8e9c-94d137499fa8/source[39m
[38;5;0m[HTTP][0m [90m{}[39m
[38;5;48m[AndroidUiautomator2Driver@4aaf (abb5f1e4)][0m Driver proxy active, passing request on via HTTP proxy
[38;5;48m[AndroidUiautomator2Driver@4aaf (abb5f1e4)][0m Replacing sessionId 7b939e45-bcf4-49eb-bb5b-e122793177f9 with abb5f1e4-f2c3-40e5-8e9c-94d137499fa8
[38;5;0m[HTTP][0m [37m<-- GET /wd/hub/session/abb5f1e4-f2c3-40e5-8e9c-94d137499fa8/source [39m[32m200[39m [90m582 ms - 12627[39m
[38;5;0m[HTTP][0m [90m[39m
[38;5;0m[HTTP][0m [37m-->[39m [37mGET[39m [37m/wd/hub/session/abb5f1e4-f2c3-40e5-8e9c-94d137499fa8/screenshot[39m
[38;5;0m[HTTP][0m [90m{}[39m
[38;5;0m[HTTP][0m [37m<-- GET /wd/hub/session/abb5f1e4-f2c3-40e5-8e9c-94d137499fa8/screenshot [39m[32m200[39m [90m905 ms - 47884[39m
[38;5;0m[HTTP][0m [90m[39m
[38;5;0m[HTTP][0m [37m-->[39m [37mGET[39m [37m/wd/hub/session/abb5f1e4-f2c3-40e5-8e9c-94d137499fa8/screenshot[39m
[38;5;0m[HTTP][0m [90m{}[39m
[38;5;0m[HTTP][0m [37m<-- GET /wd/hub/session/abb5f1e4-f2c3-40e5-8e9c-94d137499fa8/screenshot [39m[32m200[39m [90m1170 ms - 631312[39m
[38;5;0m[HTTP][0m [90m[39m
[38;5;0m[HTTP][0m [37m-->[39m [37mGET[39m [37m/wd/hub/session/abb5f1e4-f2c3-40e5-8e9c-94d137499fa8/source[39m
[38;5;0m[HTTP][0m [90m{}[39m
[38;5;48m[AndroidUiautomator2Driver@4aaf (abb5f1e4)][0m Driver proxy active, passing request on via HTTP proxy
[38;5;48m[AndroidUiautomator2Driver@4aaf (abb5f1e4)][0m Replacing sessionId 7b939e45-bcf4-49eb-bb5b-e122793177f9 with abb5f1e4-f2c3-40e5-8e9c-94d137499fa8
[38;5;0m[HTTP][0m [37m<-- GET /wd/hub/session/abb5f1e4-f2c3-40e5-8e9c-94d137499fa8/source [39m[32m200[39m [90m1525 ms - 42136[39m
[38;5;0m[HTTP][0m [90m[39m
[38;5;0m[HTTP][0m [37m-->[39m [37mGET[39m [37m/wd/hub/session/abb5f1e4-f2c3-40e5-8e9c-94d137499fa8/screenshot[39m
[38;5;0m[HTTP][0m [90m{}[39m
[38;5;0m[HTTP][0m [37m<-- GET /wd/hub/session/abb5f1e4-f2c3-40e5-8e9c-94d137499fa8/screenshot [39m[32m200[39m [90m2035 ms - 631312[39m
[38;5;0m[HTTP][0m [90m[39m
[38;5;0m[HTTP][0m [37m-->[39m [37mPOST[39m [37m/wd/hub/session/abb5f1e4-f2c3-40e5-8e9c-94d137499fa8/elements[39m
[38;5;0m[HTTP][0m [90m{"using":"xpath","value":"//*[@class = 'android.widget.EditText' and (@text = 'Search or type web address' or . = 'Search or type web address') and @resource-id = 'com.android.chrome:id/search_box_text']"}[39m
[38;5;0m[HTTP][0m [37m<-- POST /wd/hub/session/abb5f1e4-f2c3-40e5-8e9c-94d137499fa8/elements [39m[32m200[39m [90m776 ms - 139[39m
[38;5;0m[HTTP][0m [90m[39m
[38;5;0m[HTTP][0m [37m-->[39m [37mGET[39m [37m/wd/hub/session/abb5f1e4-f2c3-40e5-8e9c-94d137499fa8/window/rect[39m
[38;5;0m[HTTP][0m [90m{}[39m
[38;5;0m[HTTP][0m [37m<-- GET /wd/hub/session/abb5f1e4-f2c3-40e5-8e9c-94d137499fa8/window/rect [39m[32m200[39m [90m113 ms - 50[39m
[38;5;0m[HTTP][0m [90m[39m
[38;5;0m[HTTP][0m [37m-->[39m [37mPOST[39m [37m/wd/hub/session/abb5f1e4-f2c3-40e5-8e9c-94d137499fa8/elements[39m
[38;5;0m[HTTP][0m [90m{"using":"xpath","value":"//*[@class = 'android.widget.EditText' and (@text = 'Search or type web address' or . = 'Search or type web address') and @resource-id = 'com.android.chrome:id/search_box_text']"}[39m
[38;5;0m[HTTP][0m [37m<-- POST /wd/hub/session/abb5f1e4-f2c3-40e5-8e9c-94d137499fa8/elements [39m[32m200[39m [90m1275 ms - 139[39m
[38;5;0m[HTTP][0m [90m[39m
[38;5;0m[HTTP][0m [37m-->[39m [37mGET[39m [37m/wd/hub/session/abb5f1e4-f2c3-40e5-8e9c-94d137499fa8/element/00000000-0000-00dc-ffff-ffff000000ea/location[39m
[38;5;0m[HTTP][0m [90m{}[39m
[38;5;48m[AndroidUiautomator2Driver@4aaf (abb5f1e4)][0m Driver proxy active, passing request on via HTTP proxy
[38;5;48m[AndroidUiautomator2Driver@4aaf (abb5f1e4)][0m Replacing sessionId 7b939e45-bcf4-49eb-bb5b-e122793177f9 with abb5f1e4-f2c3-40e5-8e9c-94d137499fa8
[38;5;0m[HTTP][0m [37m<-- GET /wd/hub/session/abb5f1e4-f2c3-40e5-8e9c-94d137499fa8/element/00000000-0000-00dc-ffff-ffff000000ea/location [39m[32m200[39m [90m84 ms - 77[39m
[38;5;0m[HTTP][0m [90m[39m
[38;5;0m[HTTP][0m [37m-->[39m [37mPOST[39m [37m/wd/hub/session/abb5f1e4-f2c3-40e5-8e9c-94d137499fa8/element/00000000-0000-00dc-ffff-ffff000000ea/clear[39m
[38;5;0m[HTTP][0m [90m{"id":"00000000-0000-00dc-ffff-ffff000000ea"}[39m
[38;5;0m[HTTP][0m [37m<-- POST /wd/hub/session/abb5f1e4-f2c3-40e5-8e9c-94d137499fa8/element/00000000-0000-00dc-ffff-ffff000000ea/clear [39m[32m200[39m [90m116 ms - 14[39m
[38;5;0m[HTTP][0m [90m[39m
[38;5;0m[HTTP][0m [37m-->[39m [37mPOST[39m [37m/wd/hub/session/abb5f1e4-f2c3-40e5-8e9c-94d137499fa8/element/00000000-0000-00dc-ffff-ffff000000ea/click[39m
[38;5;0m[HTTP][0m [90m{"id":"00000000-0000-00dc-ffff-ffff000000ea"}[39m
[38;5;0m[HTTP][0m [37m<-- POST /wd/hub/session/abb5f1e4-f2c3-40e5-8e9c-94d137499fa8/element/00000000-0000-00dc-ffff-ffff000000ea/click [39m[32m200[39m [90m579 ms - 14[39m
[38;5;0m[HTTP][0m [90m[39m
[38;5;0m[HTTP][0m [37m-->[39m [37mPOST[39m [37m/wd/hub/session/abb5f1e4-f2c3-40e5-8e9c-94d137499fa8/element/00000000-0000-00dc-ffff-ffff000000ea/value[39m
[38;5;0m[HTTP][0m [90m{"id":"00000000-0000-00dc-ffff-ffff000000ea","text":"https://qualitat.solucions.gencat.cat/","value":["h","t","t","p","s",":","/","/","q","u","a","l","i","t","a","t",".","s","o","l","u","c","i","o","n","s",".","g","e","n","c","a","t",".","c","a","t","/"]}[39m
[38;5;48m[AndroidUiautomator2Driver@4aaf (abb5f1e4)][0m Got response with status 400: {"sessionId":"7b939e45-bcf4-49eb-bb5b-e122793177f9","value":{"error":"invalid element state","message":"Cannot set the element to 'https://qualitat.solucions.gencat.cat/'. Did you interact with the correct element?","stacktrace":"io.appium.uiautomator2.common.exceptions.InvalidElementStateException: Cannot set the element to 'https://qualitat.solucions.gencat.cat/'. Did you interact with the correct element?\n\tat io.appium.uiautomator2.handler.SendKeysToElement.setText(SendKeysToElement.java:87)\n\tat io.appium.uiautomator2.handler.SendKeysToElement.safeHandle(SendKeysToElement.java:115)\n\tat io.appium.uiautomator2.handler.request.SafeRequestHandler.handle(SafeRequestHandler.java:59)\n\tat io.appium.uiautomator2.server.AppiumServlet.handleRequest(AppiumServlet.java:259)\n\tat io.appium.uiautomator2.server.AppiumServlet.handleHttpRequest(AppiumServlet.java:253)\n\tat io.appium.uiautomator2.http.ServerHandler.channelRead(ServerHandler.java:77)\n\tat io.netty.channel.AbstractChannelHandlerContext.invokeChan...
[38;5;0m[HTTP][0m [37m<-- POST /wd/hub/session/abb5f1e4-f2c3-40e5-8e9c-94d137499fa8/element/00000000-0000-00dc-ffff-ffff000000ea/value [39m[33m400[39m [90m2154 ms - 3956[39m
[38;5;0m[HTTP][0m [90m[39m
[38;5;0m[HTTP][0m [37m-->[39m [37mPOST[39m [37m/wd/hub/session/abb5f1e4-f2c3-40e5-8e9c-94d137499fa8/elements[39m
[38;5;0m[HTTP][0m [90m{"using":"xpath","value":"//*[@class = 'android.widget.EditText' and (@text = 'Search or type web address' or . = 'Search or type web address') and @resource-id = 'com.android.chrome:id/search_box_text']"}[39m
[38;5;0m[HTTP][0m [37m<-- POST /wd/hub/session/abb5f1e4-f2c3-40e5-8e9c-94d137499fa8/elements [39m[32m200[39m [90m60057 ms - 12[39m
[38;5;0m[HTTP][0m [90m[39m
[38;5;0m[HTTP][0m [37m-->[39m [37mPOST[39m [37m/wd/hub/session/abb5f1e4-f2c3-40e5-8e9c-94d137499fa8/elements[39m
[38;5;0m[HTTP][0m [90m{"using":"id","value":"com.android.chrome:id/search_box_text"}[39m
[38;5;0m[HTTP][0m [37m<-- POST /wd/hub/session/abb5f1e4-f2c3-40e5-8e9c-94d137499fa8/elements [39m[32m200[39m [90m60339 ms - 12[39m
[38;5;0m[HTTP][0m [90m[39m
[38;5;0m[HTTP][0m [37m-->[39m [37mPOST[39m [37m/wd/hub/session/abb5f1e4-f2c3-40e5-8e9c-94d137499fa8/elements[39m
[38;5;0m[HTTP][0m [90m{"using":"-android uiautomator","value":"new UiSelector().className(\"android.widget.EditText\").text(\"Search or type web address\").resourceId(\"com.android.chrome:id/search_box_text\")"}[39m
[38;5;0m[HTTP][0m [37m<-- POST /wd/hub/session/abb5f1e4-f2c3-40e5-8e9c-94d137499fa8/elements [39m[32m200[39m [90m60357 ms - 12[39m
[38;5;0m[HTTP][0m [90m[39m
[38;5;0m[HTTP][0m [37m-->[39m [37mGET[39m [37m/wd/hub/session/abb5f1e4-f2c3-40e5-8e9c-94d137499fa8/window/rect[39m
[38;5;0m[HTTP][0m [90m{}[39m
[38;5;0m[HTTP][0m [37m<-- GET /wd/hub/session/abb5f1e4-f2c3-40e5-8e9c-94d137499fa8/window/rect [39m[32m200[39m [90m44 ms - 50[39m
[38;5;0m[HTTP][0m [90m[39m
[38;5;0m[HTTP][0m [37m-->[39m [37mPOST[39m [37m/wd/hub/session/abb5f1e4-f2c3-40e5-8e9c-94d137499fa8/elements[39m
[38;5;0m[HTTP][0m [90m{"using":"xpath","value":"//hierarchy/android.widget.FrameLayout[1]/android.widget.LinearLayout[1]/android.widget.FrameLayout[1]/android.widget.FrameLayout[1]/android.widget.FrameLayout[1]/android.view.ViewGroup[1]/android.widget.FrameLayout[1]/android.widget.FrameLayout[2]/android.view.ViewGroup[1]/androidx.recyclerview.widget.RecyclerView[1]/android.widget.FrameLayout[1]/android.widget.LinearLayout[1]/android.widget.LinearLayout[1]/android.widget.RelativeLayout[1]/android.widget.EditText[1]"}[39m
[38;5;0m[HTTP][0m [37m<-- POST /wd/hub/session/abb5f1e4-f2c3-40e5-8e9c-94d137499fa8/elements [39m[32m200[39m [90m60602 ms - 12[39m
[38;5;0m[HTTP][0m [90m[39m
[38;5;0m[HTTP][0m [37m-->[39m [37mDELETE[39m [37m/wd/hub/session/abb5f1e4-f2c3-40e5-8e9c-94d137499fa8[39m
[38;5;0m[HTTP][0m [90m{}[39m
[38;5;16m[AppiumDriver@572d][0m Removing session abb5f1e4-f2c3-40e5-8e9c-94d137499fa8 from our master session list
[38;5;48m[AndroidUiautomator2Driver@4aaf (abb5f1e4)][0m Restoring hidden api policy to the device default configuration
[38;5;0m[HTTP][0m [37m<-- DELETE /wd/hub/session/abb5f1e4-f2c3-40e5-8e9c-94d137499fa8 [39m[32m200[39m [90m7146 ms - 14[39m
[38;5;0m[HTTP][0m [90m[39m
